[NbConvertApp] Converting notebook Almendro/Almendro.ipynb to notebook
[NbConvertApp] Writing 15459 bytes to Almendro/Almendro/Almendro_ejecutado.ipynb
Traceback (most recent call last):
  File "/vols/abedul/home/meteo/lavinp/miniforge3/envs/C4R/bin/jupyter-nbconvert", line 10, in <module>
    sys.exit(main())
             ^^^^^^
  File "/vols/abedul/home/meteo/lavinp/miniforge3/envs/C4R/lib/python3.12/site-packages/jupyter_core/application.py", line 283, in launch_instance
    super().launch_instance(argv=argv, **kwargs)
  File "/vols/abedul/home/meteo/lavinp/miniforge3/envs/C4R/lib/python3.12/site-packages/traitlets/config/application.py", line 1075, in launch_instance
    app.start()
  File "/vols/abedul/home/meteo/lavinp/miniforge3/envs/C4R/lib/python3.12/site-packages/nbconvert/nbconvertapp.py", line 420, in start
    self.convert_notebooks()
  File "/vols/abedul/home/meteo/lavinp/miniforge3/envs/C4R/lib/python3.12/site-packages/nbconvert/nbconvertapp.py", line 597, in convert_notebooks
    self.convert_single_notebook(notebook_filename)
  File "/vols/abedul/home/meteo/lavinp/miniforge3/envs/C4R/lib/python3.12/site-packages/nbconvert/nbconvertapp.py", line 566, in convert_single_notebook
    write_results = self.write_single_notebook(output, resources)
                    ^^^^^^^^^^^^^^^^^^^^^^^^^^^^^^^^^^^^^^^^^^^^^
  File "/vols/abedul/home/meteo/lavinp/miniforge3/envs/C4R/lib/python3.12/site-packages/nbconvert/nbconvertapp.py", line 526, in write_single_notebook
    return self.writer.write(output, resources, notebook_name=notebook_name)
           ^^^^^^^^^^^^^^^^^^^^^^^^^^^^^^^^^^^^^^^^^^^^^^^^^^^^^^^^^^^^^^^^^
  File "/vols/abedul/home/meteo/lavinp/miniforge3/envs/C4R/lib/python3.12/site-packages/nbconvert/writers/files.py", line 152, in write
    with open(dest_path, "w", encoding="utf-8") as f:
         ^^^^^^^^^^^^^^^^^^^^^^^^^^^^^^^^^^^^^^
FileNotFoundError: [Errno 2] No such file or directory: 'Almendro/Almendro/Almendro_ejecutado.ipynb'
